2020-05-24 16:18:36.030084: W tensorflow/stream_executor/platform/default/dso_loader.cc:55] Could not load dynamic library 'libcuda.so.1'; dlerror: libcuda.so.1: cannot open shared object file: No such file or directory
2020-05-24 16:18:36.030141: E tensorflow/stream_executor/cuda/cuda_driver.cc:313] failed call to cuInit: UNKNOWN ERROR (303)
2020-05-24 16:18:36.030159: I tensorflow/stream_executor/cuda/cuda_diagnostics.cc:156] kernel driver does not appear to be running on this host (andreas-ubuntu): /proc/driver/nvidia/version does not exist
2020-05-24 16:18:36.030309: I tensorflow/core/platform/cpu_feature_guard.cc:143] Your CPU supports instructions that this TensorFlow binary was not compiled to use: AVX2
2020-05-24 16:18:36.035241: I tensorflow/core/platform/profile_utils/cpu_utils.cc:102] CPU Frequency: 3600000000 Hz
2020-05-24 16:18:36.035505: I tensorflow/compiler/xla/service/service.cc:168] XLA service 0x7efb68000b60 initialized for platform Host (this does not guarantee that XLA will be used). Devices:
2020-05-24 16:18:36.035549: I tensorflow/compiler/xla/service/service.cc:176]   StreamExecutor device (0): Host, Default Version
Model: "model_2"
__________________________________________________________________________________________________
Layer (type)                    Output Shape         Param #     Connected to                     
==================================================================================================
state (InputLayer)              (None, 8, 8, 8)      0                                            
__________________________________________________________________________________________________
conv2d_1 (Conv2D)               (None, 8, 8, 4)      36          state[0][0]                      
__________________________________________________________________________________________________
conv2d_2 (Conv2D)               (None, 7, 7, 8)      264         state[0][0]                      
__________________________________________________________________________________________________
conv2d_3 (Conv2D)               (None, 3, 3, 12)     876         state[0][0]                      
__________________________________________________________________________________________________
conv2d_4 (Conv2D)               (None, 3, 3, 16)     2064        state[0][0]                      
__________________________________________________________________________________________________
conv2d_5 (Conv2D)               (None, 1, 1, 20)     10260       state[0][0]                      
__________________________________________________________________________________________________
conv2d_6 (Conv2D)               (None, 8, 1, 3)      195         state[0][0]                      
__________________________________________________________________________________________________
conv2d_7 (Conv2D)               (None, 1, 8, 3)      195         state[0][0]                      
__________________________________________________________________________________________________
flatten_1 (Flatten)             (None, 256)          0           conv2d_1[0][0]                   
__________________________________________________________________________________________________
flatten_2 (Flatten)             (None, 392)          0           conv2d_2[0][0]                   
__________________________________________________________________________________________________
flatten_3 (Flatten)             (None, 108)          0           conv2d_3[0][0]                   
__________________________________________________________________________________________________
flatten_4 (Flatten)             (None, 144)          0           conv2d_4[0][0]                   
__________________________________________________________________________________________________
flatten_5 (Flatten)             (None, 20)           0           conv2d_5[0][0]                   
__________________________________________________________________________________________________
flatten_6 (Flatten)             (None, 24)           0           conv2d_6[0][0]                   
__________________________________________________________________________________________________
flatten_7 (Flatten)             (None, 24)           0           conv2d_7[0][0]                   
__________________________________________________________________________________________________
dense_bass (Concatenate)        (None, 968)          0           flatten_1[0][0]                  
                                                                 flatten_2[0][0]                  
                                                                 flatten_3[0][0]                  
                                                                 flatten_4[0][0]                  
                                                                 flatten_5[0][0]                  
                                                                 flatten_6[0][0]                  
                                                                 flatten_7[0][0]                  
__________________________________________________________________________________________________
dense_1 (Dense)                 (None, 256)          248064      dense_bass[0][0]                 
__________________________________________________________________________________________________
dense_2 (Dense)                 (None, 128)          32896       dense_1[0][0]                    
__________________________________________________________________________________________________
dense_3 (Dense)                 (None, 56)           7224        dense_2[0][0]                    
__________________________________________________________________________________________________
dense_4 (Dense)                 (None, 64)           3648        dense_3[0][0]                    
__________________________________________________________________________________________________
dense_5 (Dense)                 (None, 32)           2080        dense_4[0][0]                    
__________________________________________________________________________________________________
dense_6 (Dense)                 (None, 1)            33          dense_5[0][0]                    
==================================================================================================
Total params: 307,835
Trainable params: 307,835
Non-trainable params: 0
__________________________________________________________________________________________________
iter 0
game ended with result -1.0 and material balance -21.0 in 32 halfmoves
game ended with result 0.0 and material balance -20.0 in 81 halfmoves
game ended with result 0.0 and material balance -32.0 in 81 halfmoves
game ended with result 0.0 and material balance -26.0 in 81 halfmoves
game ended with result 0.0 and material balance -15.0 in 81 halfmoves
game ended with result -1.0 and material balance -32.0 in 56 halfmoves
game ended with result -1.0 and material balance -20.0 in 66 halfmoves
game ended with result 0.0 and material balance -36.0 in 81 halfmoves
game ended with result 0.0 and material balance -23.0 in 81 halfmoves
game ended with result 0.0 and material balance -26.0 in 81 halfmoves
game ended with result 0.0 and material balance -15.0 in 81 halfmoves
game ended with result -1.0 and material balance -25.0 in 70 halfmoves
game ended with result -1.0 and material balance -20.0 in 66 halfmoves
game ended with result 0.0 and material balance -24.0 in 81 halfmoves
game ended with result -1.0 and material balance -31.0 in 70 halfmoves
game ended with result 0.0 and material balance -27.0 in 81 halfmoves
game ended with result 0.0 and material balance -15.0 in 81 halfmoves
game ended with result -1.0 and material balance -24.0 in 28 halfmoves
game ended with result 0.0 and material balance -17.0 in 81 halfmoves
game ended with result 0.0 and material balance -17.0 in 81 halfmoves
game ended with result 0.0 and material balance -7.0 in 81 halfmoves
game ended with result -1.0 and material balance -28.0 in 62 halfmoves
game ended with result -1.0 and material balance -20.0 in 74 halfmoves
game ended with result -1.0 and material balance -19.0 in 46 halfmoves
game ended with result 0.0 and material balance -23.0 in 81 halfmoves
game ended with result -1.0 and material balance -35.0 in 64 halfmoves
game ended with result 0.0 and material balance -13.0 in 81 halfmoves
game ended with result -1.0 and material balance -27.0 in 68 halfmoves
game ended with result -1.0 and material balance -34.0 in 74 halfmoves
game ended with result 0.0 and material balance -20.0 in 81 halfmoves
game ended with result -1.0 and material balance -32.0 in 52 halfmoves
game ended with result 0.0 and material balance -13.0 in 81 halfmoves
game ended with result -1.0 and material balance -31.0 in 62 halfmoves
game ended with result -1.0 and material balance -27.0 in 78 halfmoves
game ended with result -1.0 and material balance -24.0 in 50 halfmoves
game ended with result -1.0 and material balance -6.0 in 20 halfmoves
game ended with result 0.0 and material balance -29.0 in 81 halfmoves
game ended with result -1.0 and material balance -34.0 in 66 halfmoves
game ended with result -1.0 and material balance -11.0 in 26 halfmoves
game ended with result -1.0 and material balance -31.0 in 80 halfmoves
game ended with result -1.0 and material balance -11.0 in 16 halfmoves
game ended with result 0.0 and material balance -20.0 in 81 halfmoves
game ended with result -1.0 and material balance -24.0 in 38 halfmoves
game ended with result 0.0 and material balance -22.0 in 81 halfmoves
game ended with result -1.0 and material balance -30.0 in 40 halfmoves
game ended with result -1.0 and material balance -31.0 in 40 halfmoves
game ended with result 0.03 and material balance -23.0 in 81 halfmoves
game ended with result -1.0 and material balance -32.0 in 66 halfmoves
game ended with result -1.0 and material balance -22.0 in 70 halfmoves
game ended with result 0.0 and material balance -19.0 in 81 halfmoves
game ended with result 1.0 and material balance 4.0 in 17 halfmoves
game ended with result 0.0 and material balance -31.0 in 81 halfmoves
game ended with result 0.05 and material balance -17.0 in 81 halfmoves
game ended with result 0.0 and material balance -30.0 in 81 halfmoves
game ended with result 0.0 and material balance -33.0 in 81 halfmoves
game ended with result 0.0 and material balance -20.0 in 81 halfmoves
game ended with result -1.0 and material balance -37.0 in 66 halfmoves
game ended with result 0.0 and material balance -9.0 in 81 halfmoves
game ended with result 0.09 and material balance -27.0 in 81 halfmoves
game ended with result -1.0 and material balance -17.0 in 26 halfmoves
game ended with result 0.0 and material balance -19.0 in 81 halfmoves
game ended with result 0.0 and material balance -21.0 in 81 halfmoves
game ended with result -1.0 and material balance -4.0 in 44 halfmoves
game ended with result 0.0 and material balance -24.0 in 81 halfmoves
game ended with result 0.0 and material balance -22.0 in 81 halfmoves
game ended with result 0.0 and material balance -20.0 in 81 halfmoves
game ended with result -1.0 and material balance -34.0 in 54 halfmoves
game ended with result 0.0 and material balance -16.0 in 81 halfmoves
game ended with result -1.0 and material balance -22.0 in 40 halfmoves
game ended with result -1.0 and material balance -28.0 in 76 halfmoves
game ended with result -1.0 and material balance -38.0 in 58 halfmoves
game ended with result -1.0 and material balance -29.0 in 56 halfmoves
game ended with result 0.0 and material balance -28.0 in 81 halfmoves
game ended with result -1.0 and material balance -38.0 in 54 halfmoves
game ended with result -1.0 and material balance -25.0 in 72 halfmoves
game ended with result -1.0 and material balance -30.0 in 54 halfmoves
game ended with result 0.0 and material balance -17.0 in 81 halfmoves
game ended with result 0.0 and material balance -29.0 in 81 halfmoves
game ended with result -1.0 and material balance -28.0 in 66 halfmoves
game ended with result 0.0 and material balance -15.0 in 81 halfmoves
game ended with result 0.0 and material balance -28.0 in 81 halfmoves
game ended with result -1.09 and material balance -30.0 in 22 halfmoves
game ended with result -1.0 and material balance -28.0 in 46 halfmoves
game ended with result 0.0 and material balance -33.0 in 81 halfmoves
game ended with result 0.0 and material balance -26.0 in 81 halfmoves
game ended with result 0.0 and material balance -30.0 in 81 halfmoves
game ended with result -1.01 and material balance -35.0 in 42 halfmoves
game ended with result -1.0 and material balance -24.0 in 46 halfmoves
game ended with result -1.0 and material balance -30.0 in 74 halfmoves
game ended with result 0.0 and material balance -21.0 in 81 halfmoves
game ended with result 0.0 and material balance -24.0 in 81 halfmoves
game ended with result 0.0 and material balance -14.0 in 81 halfmoves
game ended with result 0.03 and material balance -34.0 in 81 halfmoves
game ended with result 0.0 and material balance -34.0 in 81 halfmoves
game ended with result 0.0 and material balance -21.0 in 81 halfmoves
game ended with result 0.0 and material balance -27.0 in 81 halfmoves
game ended with result -1.0 and material balance -30.0 in 62 halfmoves
game ended with result 0.03 and material balance -20.0 in 81 halfmoves
game ended with result -1.0 and material balance -29.0 in 60 halfmoves
game ended with result -1.0 and material balance -21.0 in 50 halfmoves
iter 100
game ended with result 0.0 and material balance -27.0 in 81 halfmoves
game ended with result 0.0 and material balance 7.0 in 81 halfmoves
game ended with result 0.0 and material balance 13.0 in 81 halfmoves
game ended with result 0.0 and material balance -1.0 in 81 halfmoves
game ended with result 0.0 and material balance -7.0 in 81 halfmoves
game ended with result 0.0 and material balance -19.0 in 81 halfmoves
game ended with result -1.0 and material balance -34.0 in 78 halfmoves
game ended with result 0.0 and material balance -20.0 in 81 halfmoves
game ended with result 0.0 and material balance -17.0 in 81 halfmoves
game ended with result 0.0 and material balance -20.0 in 81 halfmoves
game ended with result -1.0 and material balance -35.0 in 54 halfmoves
game ended with result 0.05 and material balance -17.0 in 81 halfmoves
game ended with result -1.0 and material balance -31.0 in 68 halfmoves
game ended with result 0.0 and material balance -9.0 in 81 halfmoves
game ended with result 0.0 and material balance -7.0 in 81 halfmoves
game ended with result -1.0 and material balance -28.0 in 68 halfmoves
game ended with result 0.0 and material balance -19.0 in 81 halfmoves
game ended with result 0.0 and material balance -13.0 in 81 halfmoves
game ended with result 0.01 and material balance -9.0 in 81 halfmoves
game ended with result 0.0 and material balance -22.0 in 81 halfmoves
game ended with result 1.0 and material balance 0.0 in 17 halfmoves
game ended with result 0.0 and material balance -25.0 in 81 halfmoves
game ended with result 0.0 and material balance -12.0 in 81 halfmoves
game ended with result 0.0 and material balance -27.0 in 81 halfmoves
game ended with result 1.03 and material balance 1.0 in 29 halfmoves
game ended with result 0.0 and material balance -20.0 in 81 halfmoves
game ended with result 0.0 and material balance -15.0 in 81 halfmoves
game ended with result 0.0 and material balance -9.0 in 81 halfmoves
game ended with result 0.0 and material balance -12.0 in 81 halfmoves
game ended with result 0.0 and material balance -14.0 in 81 halfmoves
game ended with result 0.09 and material balance -12.0 in 81 halfmoves
game ended with result 0.0 and material balance -5.0 in 81 halfmoves
game ended with result 0.0 and material balance -24.0 in 81 halfmoves
game ended with result 0.0 and material balance -18.0 in 81 halfmoves
game ended with result 1.0 and material balance 1.0 in 21 halfmoves
game ended with result 0.0 and material balance -12.0 in 81 halfmoves
game ended with result -1.0 and material balance -24.0 in 38 halfmoves
game ended with result 0.0 and material balance -7.0 in 81 halfmoves
game ended with result 0.03 and material balance -20.0 in 81 halfmoves
game ended with result 0.0 and material balance -20.0 in 81 halfmoves
game ended with result -1.0 and material balance -25.0 in 48 halfmoves
game ended with result 1.0 and material balance 9.0 in 23 halfmoves
game ended with result 0.0 and material balance -18.0 in 81 halfmoves
game ended with result 0.0 and material balance -3.0 in 81 halfmoves
game ended with result 1.09 and material balance 9.0 in 29 halfmoves
game ended with result -1.0 and material balance -38.0 in 54 halfmoves
game ended with result -1.13 and material balance -20.0 in 18 halfmoves
game ended with result -1.0 and material balance -32.0 in 68 halfmoves
game ended with result 0.0 and material balance -18.0 in 81 halfmoves
game ended with result 0.0 and material balance -15.0 in 81 halfmoves
game ended with result 0.0 and material balance -16.0 in 81 halfmoves
game ended with result 0.0 and material balance -17.0 in 81 halfmoves
game ended with result -1.0 and material balance -33.0 in 72 halfmoves
game ended with result 0.0 and material balance -2.0 in 81 halfmoves
game ended with result -1.0 and material balance -26.0 in 48 halfmoves
game ended with result 0.0 and material balance -21.0 in 81 halfmoves
game ended with result 0.0 and material balance -29.0 in 81 halfmoves
game ended with result 0.0 and material balance -9.0 in 81 halfmoves
game ended with result 0.0 and material balance -17.0 in 81 halfmoves
game ended with result 0.0 and material balance 1.0 in 81 halfmoves
game ended with result 0.0 and material balance -25.0 in 81 halfmoves
game ended with result 0.0 and material balance -12.0 in 81 halfmoves
game ended with result 0.0 and material balance -31.0 in 81 halfmoves
game ended with result 0.0 and material balance -22.0 in 81 halfmoves
game ended with result -1.0 and material balance -20.0 in 40 halfmoves
game ended with result 1.0 and material balance -7.0 in 33 halfmoves
game ended with result 0.0 and material balance -15.0 in 81 halfmoves
game ended with result 0.0 and material balance -10.0 in 81 halfmoves
game ended with result -1.0 and material balance 5.0 in 28 halfmoves
game ended with result 0.0 and material balance -19.0 in 81 halfmoves
game ended with result 0.0 and material balance -21.0 in 81 halfmoves
game ended with result 0.0 and material balance -5.0 in 81 halfmoves
game ended with result 0.0 and material balance -21.0 in 81 halfmoves
game ended with result 0.0 and material balance -12.0 in 81 halfmoves
game ended with result -1.0 and material balance -2.0 in 16 halfmoves
game ended with result 0.0 and material balance -4.0 in 81 halfmoves
game ended with result 1.03 and material balance 9.0 in 35 halfmoves
game ended with result 0.0 and material balance -14.0 in 81 halfmoves
game ended with result 0.0 and material balance -14.0 in 81 halfmoves
game ended with result 0.0 and material balance -8.0 in 81 halfmoves
game ended with result 0.09 and material balance -9.0 in 81 halfmoves
game ended with result 0.0 and material balance -18.0 in 81 halfmoves
game ended with result -1.0 and material balance -28.0 in 80 halfmoves
game ended with result 0.0 and material balance -14.0 in 81 halfmoves
game ended with result 0.0 and material balance -14.0 in 81 halfmoves
game ended with result 0.0 and material balance -5.0 in 81 halfmoves
game ended with result 0.0 and material balance -23.0 in 81 halfmoves
game ended with result -1.0 and material balance -37.0 in 56 halfmoves
game ended with result -1.0 and material balance -22.0 in 58 halfmoves
game ended with result 0.0 and material balance -18.0 in 81 halfmoves
game ended with result -1.0 and material balance -21.0 in 46 halfmoves
game ended with result 0.0 and material balance -14.0 in 81 halfmoves
game ended with result 0.0 and material balance -29.0 in 81 halfmoves
game ended with result 0.0 and material balance -23.0 in 81 halfmoves
game ended with result 0.0 and material balance 6.0 in 81 halfmoves
game ended with result -1.05 and material balance -16.0 in 22 halfmoves
game ended with result -1.0 and material balance -8.0 in 28 halfmoves
game ended with result 0.0 and material balance -20.0 in 81 halfmoves
game ended with result 0.01 and material balance -9.0 in 81 halfmoves
game ended with result 0.0 and material balance -27.0 in 81 halfmoves
iter 200
game ended with result 0.0 and material balance -5.0 in 81 halfmoves
game ended with result -1.0 and material balance -29.0 in 68 halfmoves
game ended with result 0.0 and material balance -9.0 in 81 halfmoves
game ended with result 0.0 and material balance -15.0 in 81 halfmoves
game ended with result 0.0 and material balance 2.0 in 81 halfmoves
game ended with result 0.0 and material balance -13.0 in 81 halfmoves
game ended with result 0.0 and material balance -8.0 in 81 halfmoves
game ended with result 0.0 and material balance -3.0 in 81 halfmoves
game ended with result 0.0 and material balance -14.0 in 81 halfmoves
game ended with result 0.0 and material balance 4.0 in 81 halfmoves
game ended with result 0.0 and material balance -21.0 in 81 halfmoves
game ended with result 0.0 and material balance -14.0 in 81 halfmoves
game ended with result 0.0 and material balance -3.0 in 81 halfmoves
game ended with result 0.0 and material balance -5.0 in 81 halfmoves
game ended with result 0.0 and material balance -5.0 in 81 halfmoves
game ended with result 0.0 and material balance -16.0 in 81 halfmoves
game ended with result 0.05 and material balance -5.0 in 81 halfmoves
game ended with result 0.05 and material balance 3.0 in 81 halfmoves
game ended with result 0.0 and material balance -8.0 in 81 halfmoves
game ended with result 0.0 and material balance 10.0 in 81 halfmoves
game ended with result 0.0 and material balance -6.0 in 81 halfmoves
game ended with result 1.0 and material balance -2.0 in 79 halfmoves
game ended with result 0.0 and material balance -16.0 in 81 halfmoves
game ended with result 0.0 and material balance -18.0 in 81 halfmoves
game ended with result -1.0 and material balance -25.0 in 70 halfmoves
game ended with result 0.0 and material balance -8.0 in 81 halfmoves
game ended with result 0.0 and material balance 0.0 in 81 halfmoves
game ended with result -1.0 and material balance -25.0 in 68 halfmoves
game ended with result 0.0 and material balance -6.0 in 81 halfmoves
game ended with result 0.0 and material balance 8.0 in 81 halfmoves
game ended with result 0.0 and material balance -5.0 in 81 halfmoves
game ended with result 0.0 and material balance -12.0 in 81 halfmoves
game ended with result 0.0 and material balance -10.0 in 81 halfmoves
game ended with result 0.03 and material balance -5.0 in 81 halfmoves
game ended with result 0.0 and material balance -11.0 in 81 halfmoves
game ended with result 0.01 and material balance 2.0 in 81 halfmoves
game ended with result 0.0 and material balance 7.0 in 81 halfmoves
game ended with result 0.0 and material balance -15.0 in 81 halfmoves
game ended with result -1.0 and material balance -4.0 in 30 halfmoves
game ended with result 0.0 and material balance -2.0 in 81 halfmoves
game ended with result -1.0 and material balance -23.0 in 54 halfmoves
game ended with result 0.0 and material balance -13.0 in 81 halfmoves
game ended with result 0.0 and material balance -4.0 in 81 halfmoves
game ended with result 0.0 and material balance -2.0 in 81 halfmoves
game ended with result 0.0 and material balance -5.0 in 81 halfmoves
game ended with result 0.0 and material balance 11.0 in 81 halfmoves
game ended with result 0.0 and material balance -17.0 in 81 halfmoves
game ended with result 0.0 and material balance -10.0 in 81 halfmoves
game ended with result 1.0 and material balance 0.0 in 19 halfmoves
game ended with result 0.0 and material balance -12.0 in 81 halfmoves
game ended with result 0.0 and material balance -8.0 in 81 halfmoves
game ended with result 0.0 and material balance 5.0 in 81 halfmoves
game ended with result 0.0 and material balance 2.0 in 81 halfmoves
game ended with result 0.0 and material balance 8.0 in 81 halfmoves
game ended with result 1.0 and material balance 0.0 in 11 halfmoves
game ended with result 0.0 and material balance 3.0 in 81 halfmoves
game ended with result 0.0 and material balance -14.0 in 81 halfmoves
game ended with result 0.0 and material balance -4.0 in 81 halfmoves
game ended with result 0.0 and material balance -13.0 in 81 halfmoves
game ended with result 0.0 and material balance 5.0 in 81 halfmoves
game ended with result 0.0 and material balance -22.0 in 81 halfmoves
game ended with result 0.0 and material balance -7.0 in 81 halfmoves
game ended with result 0.0 and material balance -1.0 in 81 halfmoves
game ended with result 0.09 and material balance -7.0 in 81 halfmoves
game ended with result 0.0 and material balance 4.0 in 81 halfmoves
game ended with result 0.0 and material balance 2.0 in 81 halfmoves
game ended with result 0.0 and material balance 4.0 in 81 halfmoves
game ended with result 0.0 and material balance -11.0 in 81 halfmoves
game ended with result 0.0 and material balance -9.0 in 81 halfmoves
game ended with result 0.0 and material balance -3.0 in 81 halfmoves
game ended with result 1.0 and material balance 7.0 in 43 halfmoves
game ended with result 0.03 and material balance 1.0 in 81 halfmoves
game ended with result 0.0 and material balance -10.0 in 81 halfmoves
game ended with result 0.0 and material balance -14.0 in 81 halfmoves
game ended with result 0.0 and material balance -17.0 in 81 halfmoves
game ended with result 0.0 and material balance -19.0 in 81 halfmoves
game ended with result 1.0 and material balance 4.0 in 27 halfmoves
game ended with result -1.0 and material balance -25.0 in 72 halfmoves
game ended with result 0.0 and material balance -14.0 in 81 halfmoves
game ended with result 0.09 and material balance -3.0 in 81 halfmoves
game ended with result 0.0 and material balance 0.0 in 81 halfmoves
game ended with result 0.0 and material balance -22.0 in 81 halfmoves
game ended with result 0.0 and material balance -11.0 in 81 halfmoves
game ended with result 0.0 and material balance -5.0 in 81 halfmoves
game ended with result 0.0 and material balance -22.0 in 81 halfmoves
game ended with result 0.0 and material balance -1.0 in 81 halfmoves
game ended with result 0.0 and material balance -12.0 in 81 halfmoves
game ended with result 0.09 and material balance -15.0 in 81 halfmoves
game ended with result 0.0 and material balance -8.0 in 81 halfmoves
game ended with result 0.0 and material balance 1.0 in 81 halfmoves
game ended with result 0.0 and material balance -6.0 in 81 halfmoves
game ended with result 0.03 and material balance -1.0 in 81 halfmoves
game ended with result 0.0 and material balance -8.0 in 81 halfmoves
game ended with result 0.0 and material balance -8.0 in 81 halfmoves
game ended with result 0.0 and material balance -12.0 in 81 halfmoves
game ended with result 0.0 and material balance -15.0 in 81 halfmoves
game ended with result 1.0 and material balance 15.0 in 57 halfmoves
game ended with result 0.0 and material balance -15.0 in 81 halfmoves
game ended with result 0.0 and material balance -10.0 in 81 halfmoves
game ended with result 0.0 and material balance 3.0 in 81 halfmoves
iter 300
game ended with result 0.0 and material balance 10.0 in 81 halfmoves
game ended with result 0.0 and material balance -19.0 in 81 halfmoves
game ended with result 0.0 and material balance -10.0 in 81 halfmoves
game ended with result 0.0 and material balance 4.0 in 81 halfmoves
game ended with result -1.03 and material balance -12.0 in 36 halfmoves
game ended with result 0.0 and material balance -3.0 in 81 halfmoves
game ended with result -1.0 and material balance -16.0 in 60 halfmoves
game ended with result 0.0 and material balance -9.0 in 81 halfmoves
game ended with result 0.0 and material balance -18.0 in 81 halfmoves
game ended with result -1.03 and material balance -7.0 in 18 halfmoves
game ended with result 0.05 and material balance 1.0 in 81 halfmoves
game ended with result 0.0 and material balance -3.0 in 81 halfmoves
game ended with result 0.0 and material balance -17.0 in 81 halfmoves
game ended with result 0.03 and material balance 1.0 in 81 halfmoves
game ended with result 0.0 and material balance -17.0 in 81 halfmoves
game ended with result 0.0 and material balance -22.0 in 81 halfmoves
game ended with result 0.0 and material balance -11.0 in 81 halfmoves
game ended with result 0.0 and material balance -10.0 in 81 halfmoves
game ended with result 0.01 and material balance -2.0 in 81 halfmoves
game ended with result 0.0 and material balance -9.0 in 81 halfmoves
game ended with result 0.0 and material balance -1.0 in 81 halfmoves
game ended with result 1.0 and material balance 4.0 in 49 halfmoves
game ended with result 0.01 and material balance 12.0 in 81 halfmoves
game ended with result 0.0 and material balance 4.0 in 81 halfmoves
game ended with result 0.0 and material balance -13.0 in 81 halfmoves
game ended with result 0.0 and material balance -3.0 in 81 halfmoves
game ended with result 0.0 and material balance -21.0 in 81 halfmoves
game ended with result 0.0 and material balance -21.0 in 81 halfmoves
game ended with result 0.0 and material balance -1.0 in 81 halfmoves
game ended with result 0.0 and material balance 7.0 in 81 halfmoves
game ended with result 0.0 and material balance -8.0 in 81 halfmoves
game ended with result 0.0 and material balance -10.0 in 81 halfmoves
game ended with result 0.01 and material balance -4.0 in 81 halfmoves
game ended with result 0.0 and material balance -4.0 in 81 halfmoves
game ended with result 0.0 and material balance 11.0 in 81 halfmoves
game ended with result 0.0 and material balance -14.0 in 81 halfmoves
game ended with result 0.0 and material balance -9.0 in 81 halfmoves
game ended with result 1.0 and material balance -2.0 in 39 halfmoves
game ended with result 0.0 and material balance -11.0 in 81 halfmoves
game ended with result 0.05 and material balance -5.0 in 81 halfmoves
game ended with result 1.0 and material balance 16.0 in 69 halfmoves
game ended with result 0.0 and material balance 10.0 in 81 halfmoves
game ended with result 1.0 and material balance 1.0 in 31 halfmoves
game ended with result 1.03 and material balance 1.0 in 27 halfmoves
game ended with result 0.0 and material balance 7.0 in 81 halfmoves
game ended with result 0.0 and material balance 2.0 in 81 halfmoves
game ended with result 1.0 and material balance 3.0 in 45 halfmoves
game ended with result 0.0 and material balance -17.0 in 81 halfmoves
game ended with result 0.0 and material balance -12.0 in 81 halfmoves
game ended with result 0.0 and material balance 7.0 in 81 halfmoves
game ended with result 0.0 and material balance -1.0 in 81 halfmoves
game ended with result 0.0 and material balance -12.0 in 81 halfmoves
game ended with result 0.0 and material balance 2.0 in 81 halfmoves
game ended with result 0.0 and material balance -1.0 in 81 halfmoves
game ended with result 1.0 and material balance 6.0 in 25 halfmoves
game ended with result 1.0 and material balance 17.0 in 63 halfmoves
game ended with result 1.0 and material balance -2.0 in 19 halfmoves
game ended with result 0.0 and material balance 10.0 in 81 halfmoves
game ended with result 1.0 and material balance 6.0 in 59 halfmoves
game ended with result 0.0 and material balance -6.0 in 81 halfmoves
game ended with result 0.0 and material balance -18.0 in 81 halfmoves
game ended with result 0.0 and material balance 14.0 in 81 halfmoves
game ended with result 0.0 and material balance -13.0 in 81 halfmoves
game ended with result 1.0 and material balance 18.0 in 43 halfmoves
game ended with result -1.0 and material balance -33.0 in 80 halfmoves
game ended with result -1.0 and material balance -13.0 in 70 halfmoves
game ended with result 1.0 and material balance 14.0 in 35 halfmoves
game ended with result 0.0 and material balance 4.0 in 81 halfmoves
game ended with result 0.0 and material balance -6.0 in 81 halfmoves
game ended with result 0.01 and material balance 4.0 in 81 halfmoves
game ended with result 0.0 and material balance 2.0 in 81 halfmoves
game ended with result 0.0 and material balance 4.0 in 81 halfmoves
game ended with result 0.0 and material balance -16.0 in 81 halfmoves
game ended with result 1.0 and material balance 10.0 in 43 halfmoves
game ended with result 0.0 and material balance -7.0 in 81 halfmoves
game ended with result 0.0 and material balance -14.0 in 81 halfmoves
game ended with result 0.0 and material balance 23.0 in 81 halfmoves
game ended with result 0.0 and material balance -21.0 in 81 halfmoves
game ended with result 0.0 and material balance -4.0 in 81 halfmoves
game ended with result 0.0 and material balance 6.0 in 81 halfmoves
game ended with result 0.0 and material balance -13.0 in 81 halfmoves
game ended with result 0.0 and material balance -3.0 in 81 halfmoves
game ended with result 0.0 and material balance 3.0 in 81 halfmoves
game ended with result 0.0 and material balance -7.0 in 81 halfmoves
game ended with result 0.0 and material balance -32.0 in 81 halfmoves
game ended with result 0.0 and material balance -10.0 in 81 halfmoves
game ended with result 0.0 and material balance 5.0 in 81 halfmoves
game ended with result 1.05 and material balance 15.0 in 39 halfmoves
game ended with result 0.0 and material balance 1.0 in 81 halfmoves
game ended with result 0.0 and material balance -9.0 in 81 halfmoves
game ended with result 0.0 and material balance -12.0 in 81 halfmoves
game ended with result 0.0 and material balance -11.0 in 81 halfmoves
game ended with result 0.0 and material balance 1.0 in 81 halfmoves
game ended with result 0.0 and material balance -22.0 in 81 halfmoves
game ended with result 0.0 and material balance -11.0 in 81 halfmoves
game ended with result 0.0 and material balance -19.0 in 81 halfmoves
game ended with result 0.0 and material balance -5.0 in 81 halfmoves
game ended with result 0.0 and material balance -7.0 in 81 halfmoves
game ended with result 0.0 and material balance -7.0 in 81 halfmoves
game ended with result 0.0 and material balance -5.0 in 81 halfmoves
iter 400
game ended with result 0.0 and material balance 8.0 in 81 halfmoves
game ended with result 0.0 and material balance -3.0 in 81 halfmoves
game ended with result 0.0 and material balance -15.0 in 81 halfmoves
game ended with result 0.0 and material balance -4.0 in 81 halfmoves
game ended with result 0.0 and material balance 2.0 in 81 halfmoves
game ended with result 0.0 and material balance 4.0 in 81 halfmoves
game ended with result 1.03 and material balance 14.0 in 33 halfmoves
game ended with result 0.0 and material balance -7.0 in 81 halfmoves
game ended with result 0.0 and material balance -17.0 in 81 halfmoves
game ended with result -1.08 and material balance -25.0 in 20 halfmoves
game ended with result 0.03 and material balance 1.0 in 81 halfmoves
game ended with result 0.0 and material balance -1.0 in 81 halfmoves
game ended with result 0.0 and material balance -30.0 in 81 halfmoves
game ended with result 0.0 and material balance 4.0 in 81 halfmoves
game ended with result 0.0 and material balance -12.0 in 81 halfmoves
game ended with result 0.0 and material balance -7.0 in 81 halfmoves
game ended with result 0.0 and material balance 5.0 in 81 halfmoves
game ended with result -1.0 and material balance -5.0 in 48 halfmoves
game ended with result 0.0 and material balance -5.0 in 81 halfmoves
game ended with result 0.0 and material balance 15.0 in 81 halfmoves
game ended with result 0.0 and material balance -13.0 in 81 halfmoves
game ended with result 0.0 and material balance -5.0 in 81 halfmoves
game ended with result 0.0 and material balance -12.0 in 81 halfmoves
game ended with result 0.09 and material balance -11.0 in 81 halfmoves
game ended with result -1.0 and material balance -34.0 in 44 halfmoves
game ended with result 0.0 and material balance 2.0 in 81 halfmoves
game ended with result 0.0 and material balance 0.0 in 81 halfmoves
game ended with result 0.0 and material balance 14.0 in 81 halfmoves
game ended with result 0.0 and material balance -13.0 in 81 halfmoves
game ended with result 1.05 and material balance 4.0 in 23 halfmoves
game ended with result 0.0 and material balance -4.0 in 81 halfmoves
game ended with result 0.0 and material balance -22.0 in 81 halfmoves
game ended with result -1.0 and material balance -12.0 in 54 halfmoves
game ended with result 0.0 and material balance -8.0 in 81 halfmoves
game ended with result 0.0 and material balance -19.0 in 81 halfmoves
game ended with result 0.0 and material balance 8.0 in 81 halfmoves
game ended with result 0.0 and material balance -8.0 in 81 halfmoves
game ended with result -1.0 and material balance -18.0 in 60 halfmoves
game ended with result 1.0 and material balance 9.0 in 27 halfmoves
game ended with result 0.0 and material balance 19.0 in 81 halfmoves
game ended with result 1.08 and material balance 12.0 in 59 halfmoves
game ended with result 1.0 and material balance -10.0 in 55 halfmoves
game ended with result -1.0 and material balance 0.0 in 36 halfmoves
game ended with result 0.0 and material balance -15.0 in 81 halfmoves
game ended with result 0.0 and material balance -12.0 in 81 halfmoves
game ended with result 0.0 and material balance -19.0 in 81 halfmoves
game ended with result 0.0 and material balance -13.0 in 81 halfmoves
game ended with result 0.0 and material balance -14.0 in 81 halfmoves
game ended with result 0.01 and material balance -4.0 in 81 halfmoves
game ended with result 0.0 and material balance -13.0 in 81 halfmoves
game ended with result 1.0 and material balance 6.0 in 37 halfmoves
game ended with result 0.0 and material balance -19.0 in 81 halfmoves
game ended with result 0.0 and material balance -7.0 in 81 halfmoves
game ended with result 0.0 and material balance -4.0 in 81 halfmoves
game ended with result 0.0 and material balance -11.0 in 81 halfmoves
game ended with result 0.0 and material balance -5.0 in 81 halfmoves
game ended with result 0.0 and material balance -18.0 in 81 halfmoves
game ended with result 0.0 and material balance -18.0 in 81 halfmoves
game ended with result 0.0 and material balance -18.0 in 81 halfmoves
game ended with result 0.09 and material balance -7.0 in 81 halfmoves
game ended with result 0.0 and material balance -5.0 in 81 halfmoves
game ended with result 1.03 and material balance 13.0 in 21 halfmoves
game ended with result 0.0 and material balance -8.0 in 81 halfmoves
game ended with result 1.0 and material balance 8.0 in 35 halfmoves
game ended with result 0.0 and material balance -11.0 in 81 halfmoves
game ended with result 0.0 and material balance -14.0 in 81 halfmoves
game ended with result 1.0 and material balance 9.0 in 39 halfmoves
game ended with result 1.0 and material balance 12.0 in 41 halfmoves
game ended with result 0.0 and material balance -22.0 in 81 halfmoves
game ended with result 0.0 and material balance -4.0 in 81 halfmoves
game ended with result 0.0 and material balance -8.0 in 81 halfmoves
game ended with result 0.0 and material balance -1.0 in 81 halfmoves
game ended with result 0.0 and material balance 7.0 in 81 halfmoves
game ended with result 0.0 and material balance -6.0 in 81 halfmoves
game ended with result 1.0 and material balance -1.0 in 55 halfmoves
game ended with result -1.0 and material balance 0.0 in 30 halfmoves
game ended with result 0.0 and material balance 4.0 in 81 halfmoves
game ended with result 1.03 and material balance 12.0 in 49 halfmoves
game ended with result 0.0 and material balance -1.0 in 81 halfmoves
game ended with result 0.0 and material balance -9.0 in 81 halfmoves
game ended with result 0.0 and material balance -9.0 in 81 halfmoves
game ended with result 0.0 and material balance -6.0 in 81 halfmoves
game ended with result 0.01 and material balance -13.0 in 81 halfmoves
game ended with result -1.0 and material balance -8.0 in 50 halfmoves
game ended with result 0.0 and material balance 2.0 in 81 halfmoves
game ended with result 0.0 and material balance -22.0 in 81 halfmoves
game ended with result 1.0 and material balance -3.0 in 17 halfmoves
game ended with result -1.0 and material balance -22.0 in 48 halfmoves
game ended with result 0.0 and material balance 4.0 in 81 halfmoves
game ended with result 1.0 and material balance 13.0 in 29 halfmoves
game ended with result 0.0 and material balance 2.0 in 81 halfmoves
game ended with result 0.03 and material balance -3.0 in 81 halfmoves
game ended with result 0.0 and material balance -14.0 in 81 halfmoves
game ended with result 0.0 and material balance 0.0 in 81 halfmoves
game ended with result 0.0 and material balance 10.0 in 81 halfmoves
game ended with result 0.0 and material balance 0.0 in 81 halfmoves
game ended with result 0.0 and material balance -1.0 in 81 halfmoves
game ended with result -1.0 and material balance -12.0 in 54 halfmoves
game ended with result 0.0 and material balance -9.0 in 81 halfmoves
game ended with result 0.0 and material balance -13.0 in 81 halfmoves
iter 500
game ended with result -1.0 and material balance -1.0 in 32 halfmoves
game ended with result 0.0 and material balance -10.0 in 81 halfmoves
game ended with result 1.0 and material balance -1.0 in 13 halfmoves
game ended with result 1.0 and material balance 24.0 in 67 halfmoves
game ended with result -1.0 and material balance -8.0 in 32 halfmoves
game ended with result 0.0 and material balance -6.0 in 81 halfmoves
game ended with result 0.0 and material balance -12.0 in 81 halfmoves
game ended with result 0.0 and material balance 0.0 in 81 halfmoves
game ended with result 0.0 and material balance 3.0 in 81 halfmoves
game ended with result 0.0 and material balance -2.0 Using TensorFlow backend.
in 81 halfmoves
game ended with result 0.0 and material balance -12.0 in 81 halfmoves
game ended with result 0.0 and material balance -11.0 in 81 halfmoves
game ended with result 0.0 and material balance -6.0 in 81 halfmoves
game ended with result 0.0 and material balance -12.0 in 81 halfmoves
game ended with result -1.0 and material balance -9.0 in 52 halfmoves
game ended with result 1.0 and material balance 12.0 in 61 halfmoves
game ended with result 0.0 and material balance -4.0 in 81 halfmoves
game ended with result 0.0 and material balance -16.0 in 81 halfmoves
game ended with result 0.0 and material balance -17.0 in 81 halfmoves
game ended with result 0.0 and material balance -13.0 in 81 halfmoves
game ended with result 0.0 and material balance -19.0 in 81 halfmoves
game ended with result 0.0 and material balance -7.0 in 81 halfmoves
game ended with result 0.0 and material balance -1.0 in 81 halfmoves
game ended with result 0.0 and material balance -10.0 in 81 halfmoves
game ended with result 1.0 and material balance 14.0 in 33 halfmoves
game ended with result 0.0 and material balance -12.0 in 81 halfmoves
game ended with result 0.0 and material balance -20.0 in 81 halfmoves
game ended with result 0.0 and material balance 2.0 in 81 halfmoves
game ended with result 1.01 and material balance 19.0 in 55 halfmoves
game ended with result 0.0 and material balance -15.0 in 81 halfmoves
game ended with result 0.0 and material balance -12.0 in 81 halfmoves
game ended with result 0.0 and material balance -18.0 in 81 halfmoves
game ended with result 0.0 and material balance -11.0 in 81 halfmoves
game ended with result 0.0 and material balance -2.0 in 81 halfmoves
game ended with result -1.0 and material balance -22.0 in 78 halfmoves
game ended with result 1.0 and material balance 9.0 in 77 halfmoves
game ended with result 0.0 and material balance -1.0 in 81 halfmoves
game ended with result -1.0 and material balance -27.0 in 76 halfmoves
game ended with result 0.0 and material balance 11.0 in 81 halfmoves
game ended with result -1.05 and material balance -9.0 in 16 halfmoves
game ended with result -1.08 and material balance -6.0 in 38 halfmoves
game ended with result 0.05 and material balance 5.0 in 81 halfmoves
game ended with result 0.0 and material balance 7.0 in 81 halfmoves
game ended with result 0.0 and material balance 18.0 in 81 halfmoves
game ended with result 0.09 and material balance -16.0 in 81 halfmoves
game ended with result 0.0 and material balance -3.0 in 81 halfmoves
game ended with result 0.0 and material balance 4.0 in 81 halfmoves
game ended with result -1.0 and material balance 6.0 in 44 halfmoves
game ended with result 0.0 and material balance -7.0 in 81 halfmoves
game ended with result -1.08 and material balance -20.0 in 28 halfmoves
game ended with result 0.01 and material balance -11.0 in 81 halfmoves
game ended with result 0.03 and material balance -7.0 in 81 halfmoves
game ended with result -1.09 and material balance -7.0 in 24 halfmoves
game ended with result 0.0 and material balance 18.0 in 81 halfmoves
game ended with result 1.08 and material balance -6.0 in 59 halfmoves
game ended with result 0.0 and material balance -13.0 in 81 halfmoves
game ended with result 0.0 and material balance -12.0 in 129 halfmoves
